📝 Logging to: logs/train_2025-11-14_23-36-02.log


🖼️ Loaded 81444 total images across 27 classes.

📊 Data split summary:
   ➤ Total images: 81444
   ➤ Classes: 27
   ➤ Train: 58842
   ➤ Val:   10385
   ➤ Test:  12217


==============================
🚀 Starting openclip_vitb16 | IMG=224 | Batch=16 | LR=1e-05 | Epochs=40
==============================

[openclip_vitb16] Epoch 1: TrainAcc=0.651 | ValAcc=0.641 | TrainLoss=1.5169 | ValLoss=1.5127 | F1=0.642
✅ Best openclip_vitb16 model saved (F1=0.642)!
[openclip_vitb16] Epoch 2: TrainAcc=0.802 | ValAcc=0.674 | TrainLoss=1.1510 | ValLoss=1.4350 | F1=0.671
✅ Best openclip_vitb16 model saved (F1=0.671)!
[openclip_vitb16] Epoch 3: TrainAcc=0.861 | ValAcc=0.680 | TrainLoss=1.0091 | ValLoss=1.4480 | F1=0.674
✅ Best openclip_vitb16 model saved (F1=0.674)!
[openclip_vitb16] Epoch 4: TrainAcc=0.898 | ValAcc=0.684 | TrainLoss=0.9184 | ValLoss=1.4600 | F1=0.671
[openclip_vitb16] Epoch 5: TrainAcc=0.918 | ValAcc=0.689 | TrainLoss=0.8657 | ValLoss=1.4550 | F1=0.688
✅ Best openclip_vitb16 model saved (F1=0.688)!
[openclip_vitb16] Epoch 6: TrainAcc=0.935 | ValAcc=0.691 | TrainLoss=0.8235 | ValLoss=1.4854 | F1=0.686
[openclip_vitb16] Epoch 7: TrainAcc=0.946 | ValAcc=0.696 | TrainLoss=0.7959 | ValLoss=1.4680 | F1=0.681
[openclip_vitb16] Epoch 8: TrainAcc=0.953 | ValAcc=0.691 | TrainLoss=0.7735 | ValLoss=1.4959 | F1=0.676
[openclip_vitb16] Epoch 9: TrainAcc=0.960 | ValAcc=0.685 | TrainLoss=0.7533 | ValLoss=1.5363 | F1=0.681
[openclip_vitb16] Epoch 10: TrainAcc=0.962 | ValAcc=0.691 | TrainLoss=0.7435 | ValLoss=1.5195 | F1=0.676
[openclip_vitb16] Epoch 11: TrainAcc=0.965 | ValAcc=0.688 | TrainLoss=0.7333 | ValLoss=1.5481 | F1=0.661
[openclip_vitb16] Epoch 12: TrainAcc=0.969 | ValAcc=0.694 | TrainLoss=0.7217 | ValLoss=1.5404 | F1=0.679
[openclip_vitb16] Epoch 13: TrainAcc=0.971 | ValAcc=0.683 | TrainLoss=0.7144 | ValLoss=1.5764 | F1=0.670
⏹️ Early stopping (no F1 improvement).
🎯 Best openclip_vitb16 ValAcc: 0.683 | ValF1: 0.688

==============================
📊 MODEL EVALUATION SUMMARY
==============================
✅ Accuracy:       0.6928
❌ Error Rate:     0.3072
🎯 Macro F1:       0.6962
📦 Weighted F1:    0.6925
✨ Macro Precision: 0.7180
✨ Weighted Prec.:  0.6985
📈 Macro Recall:    0.6855
📈 Weighted Recall: 0.6928
🧮 Confusion Matrix: (27, 27)
==============================

                            precision    recall  f1-score   support

    Abstract_Expressionism       0.68      0.76      0.72       417
           Action_painting       0.80      0.53      0.64        15
         Analytical_Cubism       0.79      0.88      0.83        17
        Art_Nouveau_Modern       0.70      0.65      0.68       650
                   Baroque       0.77      0.82      0.79       636
      Color_Field_Painting       0.82      0.76      0.79       242
      Contemporary_Realism       0.78      0.71      0.74        72
                    Cubism       0.59      0.67      0.63       335
         Early_Renaissance       0.90      0.59      0.71       209
             Expressionism       0.54      0.67      0.60      1010
                   Fauvism       0.41      0.41      0.41       140
          High_Renaissance       0.62      0.65      0.64       201
             Impressionism       0.75      0.79      0.77      1959
Mannerism_Late_Renaissance       0.77      0.72      0.74       192
                Minimalism       0.77      0.77      0.77       201
     Naive_Art_Primitivism       0.72      0.68      0.70       361
               New_Realism       0.67      0.43      0.52        47
      Northern_Renaissance       0.82      0.90      0.86       383
               Pointillism       0.70      0.69      0.69        77
                   Pop_Art       0.78      0.67      0.72       223
        Post_Impressionism       0.56      0.58      0.57       968
                   Realism       0.70      0.64      0.67      1610
                    Rococo       0.65      0.84      0.73       313
               Romanticism       0.76      0.63      0.69      1053
                 Symbolism       0.66      0.55      0.60       679
          Synthetic_Cubism       0.72      0.56      0.63        32
                   Ukiyo_e       0.95      0.96      0.96       175

                  accuracy                           0.69     12217
                 macro avg       0.72      0.69      0.70     12217
              weighted avg       0.70      0.69      0.69     12217


==============================
🚀 Starting vit_base_in21k | IMG=224 | Batch=16 | LR=1e-05 | Epochs=40
==============================

[vit_base_in21k] Epoch 1: TrainAcc=0.496 | ValAcc=0.586 | TrainLoss=1.9343 | ValLoss=1.6745 | F1=0.570
✅ Best vit_base_in21k model saved (F1=0.570)!
[vit_base_in21k] Epoch 2: TrainAcc=0.646 | ValAcc=0.631 | TrainLoss=1.5367 | ValLoss=1.5615 | F1=0.629
✅ Best vit_base_in21k model saved (F1=0.629)!
[vit_base_in21k] Epoch 3: TrainAcc=0.708 | ValAcc=0.641 | TrainLoss=1.3907 | ValLoss=1.5333 | F1=0.639
✅ Best vit_base_in21k model saved (F1=0.639)!
[vit_base_in21k] Epoch 4: TrainAcc=0.746 | ValAcc=0.663 | TrainLoss=1.2949 | ValLoss=1.4868 | F1=0.651
✅ Best vit_base_in21k model saved (F1=0.651)!
[vit_base_in21k] Epoch 5: TrainAcc=0.778 | ValAcc=0.663 | TrainLoss=1.2231 | ValLoss=1.4798 | F1=0.665
✅ Best vit_base_in21k model saved (F1=0.665)!
[vit_base_in21k] Epoch 6: TrainAcc=0.803 | ValAcc=0.679 | TrainLoss=1.1637 | ValLoss=1.4609 | F1=0.667
✅ Best vit_base_in21k model saved (F1=0.667)!
[vit_base_in21k] Epoch 7: TrainAcc=0.822 | ValAcc=0.675 | TrainLoss=1.1157 | ValLoss=1.4872 | F1=0.669
✅ Best vit_base_in21k model saved (F1=0.669)!
[vit_base_in21k] Epoch 8: TrainAcc=0.843 | ValAcc=0.684 | TrainLoss=1.0732 | ValLoss=1.4705 | F1=0.681
✅ Best vit_base_in21k model saved (F1=0.681)!
[vit_base_in21k] Epoch 9: TrainAcc=0.858 | ValAcc=0.678 | TrainLoss=1.0332 | ValLoss=1.4818 | F1=0.660
[vit_base_in21k] Epoch 10: TrainAcc=0.870 | ValAcc=0.682 | TrainLoss=1.0064 | ValLoss=1.4763 | F1=0.676
[vit_base_in21k] Epoch 11: TrainAcc=0.882 | ValAcc=0.688 | TrainLoss=0.9773 | ValLoss=1.4697 | F1=0.676
[vit_base_in21k] Epoch 12: TrainAcc=0.890 | ValAcc=0.689 | TrainLoss=0.9572 | ValLoss=1.4686 | F1=0.677
[vit_base_in21k] Epoch 13: TrainAcc=0.901 | ValAcc=0.690 | TrainLoss=0.9318 | ValLoss=1.4907 | F1=0.675
