📝 Logging to: logs/train_2025-11-12_18-28-09.log


🖼️ Loaded 81444 total images across 27 classes.

📊 Data split summary:
   ➤ Total images: 81444
   ➤ Classes: 27
   ➤ Train: 58842
   ➤ Val:   10385
   ➤ Test:  12217


==============================
🚀 Starting ResNet50 | IMG=224 | Batch=16 | LR=2e-05 | Epochs=40
==============================

[ResNet50] Epoch 1: TrainAcc=0.335 | ValAcc=0.407 | TrainLoss=2.0033 | ValLoss=1.7127 | F1=0.384
✅ Best ResNet50 model saved (F1=0.384)!
[ResNet50] Epoch 2: TrainAcc=0.476 | ValAcc=0.473 | TrainLoss=1.3937 | ValLoss=1.4922 | F1=0.463
✅ Best ResNet50 model saved (F1=0.463)!
[ResNet50] Epoch 3: TrainAcc=0.530 | ValAcc=0.485 | TrainLoss=1.1919 | ValLoss=1.4458 | F1=0.475
✅ Best ResNet50 model saved (F1=0.475)!
[ResNet50] Epoch 4: TrainAcc=0.573 | ValAcc=0.521 | TrainLoss=1.0513 | ValLoss=1.3979 | F1=0.504
✅ Best ResNet50 model saved (F1=0.504)!
[ResNet50] Epoch 5: TrainAcc=0.606 | ValAcc=0.537 | TrainLoss=0.9519 | ValLoss=1.3589 | F1=0.514
✅ Best ResNet50 model saved (F1=0.514)!
[ResNet50] Epoch 6: TrainAcc=0.632 | ValAcc=0.538 | TrainLoss=0.8631 | ValLoss=1.3483 | F1=0.529
✅ Best ResNet50 model saved (F1=0.529)!
[ResNet50] Epoch 7: TrainAcc=0.656 | ValAcc=0.547 | TrainLoss=0.7930 | ValLoss=1.3516 | F1=0.532
✅ Best ResNet50 model saved (F1=0.532)!
[ResNet50] Epoch 8: TrainAcc=0.674 | ValAcc=0.557 | TrainLoss=0.7352 | ValLoss=1.4009 | F1=0.548
✅ Best ResNet50 model saved (F1=0.548)!
[ResNet50] Epoch 9: TrainAcc=0.691 | ValAcc=0.567 | TrainLoss=0.6868 | ValLoss=1.4197 | F1=0.552
✅ Best ResNet50 model saved (F1=0.552)!
[ResNet50] Epoch 10: TrainAcc=0.709 | ValAcc=0.558 | TrainLoss=0.6355 | ValLoss=1.4426 | F1=0.549
[ResNet50] Epoch 11: TrainAcc=0.722 | ValAcc=0.574 | TrainLoss=0.6013 | ValLoss=1.4350 | F1=0.562
✅ Best ResNet50 model saved (F1=0.562)!
[ResNet50] Epoch 12: TrainAcc=0.734 | ValAcc=0.579 | TrainLoss=0.5621 | ValLoss=1.4611 | F1=0.560
[ResNet50] Epoch 13: TrainAcc=0.746 | ValAcc=0.592 | TrainLoss=0.5324 | ValLoss=1.4433 | F1=0.571
✅ Best ResNet50 model saved (F1=0.571)!
[ResNet50] Epoch 14: TrainAcc=0.756 | ValAcc=0.585 | TrainLoss=0.5082 | ValLoss=1.4900 | F1=0.572
✅ Best ResNet50 model saved (F1=0.572)!
[ResNet50] Epoch 15: TrainAcc=0.767 | ValAcc=0.589 | TrainLoss=0.4765 | ValLoss=1.4919 | F1=0.573
✅ Best ResNet50 model saved (F1=0.573)!
[ResNet50] Epoch 16: TrainAcc=0.776 | ValAcc=0.592 | TrainLoss=0.4550 | ValLoss=1.5428 | F1=0.576
✅ Best ResNet50 model saved (F1=0.576)!
[ResNet50] Epoch 17: TrainAcc=0.784 | ValAcc=0.587 | TrainLoss=0.4394 | ValLoss=1.5470 | F1=0.578
✅ Best ResNet50 model saved (F1=0.578)!
[ResNet50] Epoch 18: TrainAcc=0.796 | ValAcc=0.580 | TrainLoss=0.4113 | ValLoss=1.6033 | F1=0.574
[ResNet50] Epoch 19: TrainAcc=0.802 | ValAcc=0.590 | TrainLoss=0.3933 | ValLoss=1.5824 | F1=0.579
✅ Best ResNet50 model saved (F1=0.579)!
[ResNet50] Epoch 20: TrainAcc=0.818 | ValAcc=0.601 | TrainLoss=0.3527 | ValLoss=1.5941 | F1=0.591
✅ Best ResNet50 model saved (F1=0.591)!
[ResNet50] Epoch 21: TrainAcc=0.827 | ValAcc=0.598 | TrainLoss=0.3370 | ValLoss=1.6129 | F1=0.598
✅ Best ResNet50 model saved (F1=0.598)!
[ResNet50] Epoch 22: TrainAcc=0.834 | ValAcc=0.605 | TrainLoss=0.3218 | ValLoss=1.6141 | F1=0.595
[ResNet50] Epoch 23: TrainAcc=0.837 | ValAcc=0.606 | TrainLoss=0.3083 | ValLoss=1.6241 | F1=0.596
[ResNet50] Epoch 24: TrainAcc=0.845 | ValAcc=0.603 | TrainLoss=0.2988 | ValLoss=1.6448 | F1=0.591
[ResNet50] Epoch 25: TrainAcc=0.848 | ValAcc=0.610 | TrainLoss=0.2916 | ValLoss=1.6492 | F1=0.600
✅ Best ResNet50 model saved (F1=0.600)!
[ResNet50] Epoch 26: TrainAcc=0.853 | ValAcc=0.611 | TrainLoss=0.2795 | ValLoss=1.6599 | F1=0.598
