📝 Logging to: logs/train_2025-11-18_21-54-13.log


🖼️ Loaded 81444 total images across 27 classes.

📊 Data split summary:
   ➤ Total images: 81444
   ➤ Classes: 27
   ➤ Train: 58842
   ➤ Val:   10385
   ➤ Test:  12217


==============================
🚀 Starting openclip_vitb16 | IMG=224 | Batch=16 | LR=1e-05 | Epochs=40
==============================

[openclip_vitb16] Epoch 1: TrainAcc=0.572 | ValAcc=0.646 | TrainLoss=1.6853 | ValLoss=1.4867 | F1=0.590
✅ Best openclip_vitb16 model saved (F1=0.590)!
[openclip_vitb16] Epoch 2: TrainAcc=0.717 | ValAcc=0.672 | TrainLoss=1.3295 | ValLoss=1.4309 | F1=0.651
✅ Best openclip_vitb16 model saved (F1=0.651)!
[openclip_vitb16] Epoch 3: TrainAcc=0.804 | ValAcc=0.681 | TrainLoss=1.1266 | ValLoss=1.4459 | F1=0.668
✅ Best openclip_vitb16 model saved (F1=0.668)!
[openclip_vitb16] Epoch 4: TrainAcc=0.867 | ValAcc=0.684 | TrainLoss=0.9812 | ValLoss=1.4780 | F1=0.678
✅ Best openclip_vitb16 model saved (F1=0.678)!
[openclip_vitb16] Epoch 5: TrainAcc=0.904 | ValAcc=0.690 | TrainLoss=0.8933 | ValLoss=1.4955 | F1=0.670
[openclip_vitb16] Epoch 6: TrainAcc=0.926 | ValAcc=0.698 | TrainLoss=0.8385 | ValLoss=1.5103 | F1=0.686
✅ Best openclip_vitb16 model saved (F1=0.686)!
[openclip_vitb16] Epoch 7: TrainAcc=0.940 | ValAcc=0.685 | TrainLoss=0.8022 | ValLoss=1.5666 | F1=0.675
[openclip_vitb16] Epoch 8: TrainAcc=0.949 | ValAcc=0.687 | TrainLoss=0.7775 | ValLoss=1.5866 | F1=0.665
[openclip_vitb16] Epoch 9: TrainAcc=0.954 | ValAcc=0.691 | TrainLoss=0.7607 | ValLoss=1.6252 | F1=0.675
[openclip_vitb16] Epoch 10: TrainAcc=0.958 | ValAcc=0.693 | TrainLoss=0.7478 | ValLoss=1.6381 | F1=0.682
[openclip_vitb16] Epoch 11: TrainAcc=0.962 | ValAcc=0.682 | TrainLoss=0.7404 | ValLoss=1.7065 | F1=0.683
[openclip_vitb16] Epoch 12: TrainAcc=0.965 | ValAcc=0.685 | TrainLoss=0.7304 | ValLoss=1.7119 | F1=0.674
[openclip_vitb16] Epoch 13: TrainAcc=0.965 | ValAcc=0.690 | TrainLoss=0.7283 | ValLoss=1.7285 | F1=0.683
[openclip_vitb16] Epoch 14: TrainAcc=0.968 | ValAcc=0.688 | TrainLoss=0.7199 | ValLoss=1.7776 | F1=0.669
⏹️ Early stopping (no F1 improvement).
🎯 Best openclip_vitb16 ValAcc: 0.688 | ValF1: 0.686

==============================
📊 MODEL EVALUATION SUMMARY
==============================
✅ Accuracy:       0.6916
❌ Error Rate:     0.3084
🎯 Macro F1:       0.6821
📦 Weighted F1:    0.6913
✨ Macro Precision: 0.7220
✨ Weighted Prec.:  0.6980
📈 Macro Recall:    0.6595
📈 Weighted Recall: 0.6916
🧮 Confusion Matrix: (27, 27)
==============================

                            precision    recall  f1-score   support

    Abstract_Expressionism       0.72      0.71      0.71       417
           Action_painting       0.69      0.60      0.64        15
         Analytical_Cubism       0.79      0.65      0.71        17
        Art_Nouveau_Modern       0.73      0.70      0.71       650
                   Baroque       0.79      0.77      0.78       636
      Color_Field_Painting       0.82      0.74      0.77       242
      Contemporary_Realism       0.80      0.39      0.52        72
                    Cubism       0.63      0.71      0.66       335
         Early_Renaissance       0.76      0.81      0.79       209
             Expressionism       0.58      0.63      0.61      1010
                   Fauvism       0.43      0.41      0.42       140
          High_Renaissance       0.58      0.72      0.64       201
             Impressionism       0.72      0.79      0.75      1959
Mannerism_Late_Renaissance       0.78      0.59      0.67       192
                Minimalism       0.78      0.81      0.80       201
     Naive_Art_Primitivism       0.88      0.68      0.77       361
               New_Realism       0.61      0.30      0.40        47
      Northern_Renaissance       0.91      0.77      0.83       383
               Pointillism       0.78      0.68      0.72        77
                   Pop_Art       0.76      0.74      0.75       223
        Post_Impressionism       0.57      0.61      0.59       968
                   Realism       0.68      0.61      0.64      1610
                    Rococo       0.86      0.69      0.76       313
               Romanticism       0.62      0.76      0.68      1053
                 Symbolism       0.64      0.56      0.60       679
          Synthetic_Cubism       0.67      0.44      0.53        32
                   Ukiyo_e       0.93      0.97      0.95       175

                  accuracy                           0.69     12217
                 macro avg       0.72      0.66      0.68     12217
              weighted avg       0.70      0.69      0.69     12217



