📝 Logging to: logs/train_2025-11-09_12-18-10.log


🖼️ Loaded 81444 total images across 27 classes.

📊 Data split summary:
   ➤ Total images: 81444
   ➤ Classes: 27
   ➤ Train: 58842
   ➤ Val:   10385
   ➤ Test:  12217


==============================
🚀 Starting DeepCNN_v2 | IMG=224 | Batch=16 | LR=0.0003 | Epochs=60
==============================

[DeepCNN_v2] Epoch 1: TrainAcc=0.084 | ValAcc=0.066 | F1=0.062
✅ Best DeepCNN_v2 model saved (F1=0.062)!
[DeepCNN_v2] Epoch 2: TrainAcc=0.137 | ValAcc=0.154 | F1=0.127
✅ Best DeepCNN_v2 model saved (F1=0.127)!
[DeepCNN_v2] Epoch 3: TrainAcc=0.177 | ValAcc=0.199 | F1=0.157
✅ Best DeepCNN_v2 model saved (F1=0.157)!
[DeepCNN_v2] Epoch 4: TrainAcc=0.202 | ValAcc=0.223 | F1=0.189
✅ Best DeepCNN_v2 model saved (F1=0.189)!
[DeepCNN_v2] Epoch 5: TrainAcc=0.227 | ValAcc=0.238 | F1=0.191
✅ Best DeepCNN_v2 model saved (F1=0.191)!
[DeepCNN_v2] Epoch 6: TrainAcc=0.243 | ValAcc=0.258 | F1=0.224
✅ Best DeepCNN_v2 model saved (F1=0.224)!
[DeepCNN_v2] Epoch 7: TrainAcc=0.258 | ValAcc=0.269 | F1=0.233
✅ Best DeepCNN_v2 model saved (F1=0.233)!
[DeepCNN_v2] Epoch 8: TrainAcc=0.271 | ValAcc=0.262 | F1=0.235
✅ Best DeepCNN_v2 model saved (F1=0.235)!
[DeepCNN_v2] Epoch 9: TrainAcc=0.286 | ValAcc=0.302 | F1=0.258
✅ Best DeepCNN_v2 model saved (F1=0.258)!
