📝 Logging to: logs/train_2025-11-19_09-05-14.log


🖼️ Loaded 81444 total images across 27 classes.

📊 Data split summary:
   ➤ Total images: 81444
   ➤ Classes: 27
   ➤ Train: 58842
   ➤ Val:   10385
   ➤ Test:  12217


==============================
🚀 Starting vit_base_in21k | IMG=224 | Batch=16 | LR=1e-05 | Epochs=40
==============================

[vit_base_in21k] Epoch 1: TrainAcc=0.571 | ValAcc=0.595 | TrainLoss=1.7592 | ValLoss=1.6681 | F1=0.605
✅ Best vit_base_in21k model saved (F1=0.605)!
[vit_base_in21k] Epoch 2: TrainAcc=0.766 | ValAcc=0.635 | TrainLoss=1.2767 | ValLoss=1.5879 | F1=0.635
✅ Best vit_base_in21k model saved (F1=0.635)!
[vit_base_in21k] Epoch 3: TrainAcc=0.846 | ValAcc=0.642 | TrainLoss=1.0871 | ValLoss=1.5782 | F1=0.641
✅ Best vit_base_in21k model saved (F1=0.641)!
[vit_base_in21k] Epoch 4: TrainAcc=0.897 | ValAcc=0.651 | TrainLoss=0.9658 | ValLoss=1.5958 | F1=0.646
✅ Best vit_base_in21k model saved (F1=0.646)!
[vit_base_in21k] Epoch 5: TrainAcc=0.924 | ValAcc=0.658 | TrainLoss=0.8955 | ValLoss=1.5661 | F1=0.657
✅ Best vit_base_in21k model saved (F1=0.657)!
[vit_base_in21k] Epoch 6: TrainAcc=0.947 | ValAcc=0.654 | TrainLoss=0.8383 | ValLoss=1.6151 | F1=0.643
[vit_base_in21k] Epoch 7: TrainAcc=0.958 | ValAcc=0.668 | TrainLoss=0.8016 | ValLoss=1.5911 | F1=0.658
✅ Best vit_base_in21k model saved (F1=0.658)!
[vit_base_in21k] Epoch 8: TrainAcc=0.967 | ValAcc=0.664 | TrainLoss=0.7743 | ValLoss=1.6118 | F1=0.664
✅ Best vit_base_in21k model saved (F1=0.664)!
[vit_base_in21k] Epoch 9: TrainAcc=0.973 | ValAcc=0.658 | TrainLoss=0.7515 | ValLoss=1.6448 | F1=0.657
[vit_base_in21k] Epoch 10: TrainAcc=0.976 | ValAcc=0.670 | TrainLoss=0.7366 | ValLoss=1.6044 | F1=0.663
[vit_base_in21k] Epoch 11: TrainAcc=0.979 | ValAcc=0.670 | TrainLoss=0.7225 | ValLoss=1.6075 | F1=0.669
✅ Best vit_base_in21k model saved (F1=0.669)!
[vit_base_in21k] Epoch 12: TrainAcc=0.981 | ValAcc=0.664 | TrainLoss=0.7099 | ValLoss=1.6525 | F1=0.660
[vit_base_in21k] Epoch 13: TrainAcc=0.982 | ValAcc=0.665 | TrainLoss=0.7014 | ValLoss=1.6372 | F1=0.663
[vit_base_in21k] Epoch 14: TrainAcc=0.983 | ValAcc=0.669 | TrainLoss=0.6939 | ValLoss=1.6660 | F1=0.665
[vit_base_in21k] Epoch 15: TrainAcc=0.983 | ValAcc=0.662 | TrainLoss=0.6895 | ValLoss=1.7078 | F1=0.665
[vit_base_in21k] Epoch 16: TrainAcc=0.984 | ValAcc=0.662 | TrainLoss=0.6837 | ValLoss=1.7142 | F1=0.661
[vit_base_in21k] Epoch 17: TrainAcc=0.985 | ValAcc=0.663 | TrainLoss=0.6792 | ValLoss=1.7550 | F1=0.662
[vit_base_in21k] Epoch 18: TrainAcc=0.985 | ValAcc=0.667 | TrainLoss=0.6794 | ValLoss=1.7727 | F1=0.661
[vit_base_in21k] Epoch 19: TrainAcc=0.985 | ValAcc=0.664 | TrainLoss=0.6775 | ValLoss=1.7826 | F1=0.664
⏹️ Early stopping (no F1 improvement).
🎯 Best vit_base_in21k ValAcc: 0.664 | ValF1: 0.669

==============================
📊 MODEL EVALUATION SUMMARY
==============================
✅ Accuracy:       0.6747
❌ Error Rate:     0.3253
🎯 Macro F1:       0.6739
📦 Weighted F1:    0.6751
✨ Macro Precision: 0.7118
✨ Weighted Prec.:  0.6816
📈 Macro Recall:    0.6551
📈 Weighted Recall: 0.6747
🧮 Confusion Matrix: (27, 27)
==============================

                            precision    recall  f1-score   support

    Abstract_Expressionism       0.75      0.61      0.67       417
           Action_painting       0.56      0.60      0.58        15
         Analytical_Cubism       0.86      0.71      0.77        17
        Art_Nouveau_Modern       0.70      0.66      0.68       650
                   Baroque       0.79      0.74      0.76       636
      Color_Field_Painting       0.79      0.75      0.77       242
      Contemporary_Realism       0.88      0.31      0.45        72
                    Cubism       0.62      0.63      0.63       335
         Early_Renaissance       0.78      0.74      0.76       209
             Expressionism       0.53      0.63      0.57      1010
                   Fauvism       0.37      0.25      0.30       140
          High_Renaissance       0.67      0.62      0.64       201
             Impressionism       0.75      0.73      0.74      1959
Mannerism_Late_Renaissance       0.65      0.70      0.68       192
                Minimalism       0.74      0.83      0.78       201
     Naive_Art_Primitivism       0.78      0.65      0.71       361
               New_Realism       0.64      0.34      0.44        47
      Northern_Renaissance       0.87      0.83      0.85       383
               Pointillism       0.81      0.74      0.78        77
                   Pop_Art       0.79      0.64      0.71       223
        Post_Impressionism       0.55      0.57      0.56       968
                   Realism       0.61      0.70      0.66      1610
                    Rococo       0.83      0.66      0.74       313
               Romanticism       0.65      0.70      0.67      1053
                 Symbolism       0.60      0.57      0.59       679
          Synthetic_Cubism       0.68      0.81      0.74        32
                   Ukiyo_e       0.97      0.97      0.97       175

                  accuracy                           0.67     12217
                 macro avg       0.71      0.66      0.67     12217
              weighted avg       0.68      0.67      0.68     12217



