📝 Logging to: logs/train_2025-11-14_10-52-41.log


🖼️ Loaded 81444 total images across 27 classes.

📊 Data split summary:
   ➤ Total images: 81444
   ➤ Classes: 27
   ➤ Train: 58842
   ➤ Val:   10385
   ➤ Test:  12217


==============================
🚀 Starting vit_base_in21k | IMG=224 | Batch=16 | LR=1e-05 | Epochs=40
==============================

[vit_base_in21k] Epoch 1: TrainAcc=0.477 | ValAcc=0.510 | TrainLoss=1.4410 | ValLoss=1.3603 | F1=0.523
✅ Best vit_base_in21k model saved (F1=0.523)!
[vit_base_in21k] Epoch 2: TrainAcc=0.653 | ValAcc=0.567 | TrainLoss=0.8369 | ValLoss=1.2638 | F1=0.566
✅ Best vit_base_in21k model saved (F1=0.566)!
[vit_base_in21k] Epoch 3: TrainAcc=0.730 | ValAcc=0.607 | TrainLoss=0.6153 | ValLoss=1.1944 | F1=0.601
✅ Best vit_base_in21k model saved (F1=0.601)!
[vit_base_in21k] Epoch 4: TrainAcc=0.779 | ValAcc=0.629 | TrainLoss=0.4820 | ValLoss=1.1768 | F1=0.620
✅ Best vit_base_in21k model saved (F1=0.620)!
[vit_base_in21k] Epoch 5: TrainAcc=0.818 | ValAcc=0.632 | TrainLoss=0.3929 | ValLoss=1.1971 | F1=0.637
✅ Best vit_base_in21k model saved (F1=0.637)!
[vit_base_in21k] Epoch 6: TrainAcc=0.844 | ValAcc=0.637 | TrainLoss=0.3291 | ValLoss=1.2443 | F1=0.634
[vit_base_in21k] Epoch 7: TrainAcc=0.867 | ValAcc=0.645 | TrainLoss=0.2803 | ValLoss=1.2417 | F1=0.648
✅ Best vit_base_in21k model saved (F1=0.648)!
[vit_base_in21k] Epoch 8: TrainAcc=0.886 | ValAcc=0.636 | TrainLoss=0.2453 | ValLoss=1.2843 | F1=0.642
[vit_base_in21k] Epoch 9: TrainAcc=0.901 | ValAcc=0.644 | TrainLoss=0.2068 | ValLoss=1.3537 | F1=0.645
[vit_base_in21k] Epoch 10: TrainAcc=0.915 | ValAcc=0.638 | TrainLoss=0.1845 | ValLoss=1.3594 | F1=0.641
[vit_base_in21k] Epoch 11: TrainAcc=0.924 | ValAcc=0.649 | TrainLoss=0.1681 | ValLoss=1.3588 | F1=0.639
[vit_base_in21k] Epoch 12: TrainAcc=0.933 | ValAcc=0.646 | TrainLoss=0.1504 | ValLoss=1.4234 | F1=0.627
[vit_base_in21k] Epoch 13: TrainAcc=0.937 | ValAcc=0.646 | TrainLoss=0.1392 | ValLoss=1.4657 | F1=0.636
[vit_base_in21k] Epoch 14: TrainAcc=0.943 | ValAcc=0.638 | TrainLoss=0.1274 | ValLoss=1.4835 | F1=0.621
[vit_base_in21k] Epoch 15: TrainAcc=0.949 | ValAcc=0.643 | TrainLoss=0.1168 | ValLoss=1.4829 | F1=0.635
⏹️ Early stopping (no F1 improvement).
🎯 Best vit_base_in21k ValAcc: 0.643|ValF1: 0.648

==============================
📊 MODEL EVALUATION SUMMARY
==============================
✅ Accuracy:       0.6479
❌ Error Rate:     0.3521
🎯 Macro F1:       0.6551
📦 Weighted F1:    0.6499
✨ Macro Precision: 0.6555
✨ Weighted Prec.:  0.6579
📈 Macro Recall:    0.6631
📈 Weighted Recall: 0.6479
🧮 Confusion Matrix: (27, 27)
==============================

                            precision    recall  f1-score   support

    Abstract_Expressionism       0.68      0.67      0.68       417
           Action_painting       0.57      0.53      0.55        15
         Analytical_Cubism       0.79      0.88      0.83        17
        Art_Nouveau_Modern       0.65      0.62      0.63       650
                   Baroque       0.71      0.83      0.76       636
      Color_Field_Painting       0.79      0.72      0.75       242
      Contemporary_Realism       0.61      0.51      0.56        72
                    Cubism       0.56      0.67      0.61       335
         Early_Renaissance       0.72      0.72      0.72       209
             Expressionism       0.51      0.55      0.53      1010
                   Fauvism       0.36      0.52      0.42       140
          High_Renaissance       0.51      0.66      0.57       201
             Impressionism       0.79      0.65      0.72      1959
Mannerism_Late_Renaissance       0.76      0.49      0.60       192
                Minimalism       0.68      0.79      0.73       201
     Naive_Art_Primitivism       0.69      0.65      0.67       361
               New_Realism       0.46      0.40      0.43        47
      Northern_Renaissance       0.79      0.83      0.81       383
               Pointillism       0.66      0.69      0.68        77
                   Pop_Art       0.70      0.60      0.64       223
        Post_Impressionism       0.49      0.56      0.52       968
                   Realism       0.66      0.61      0.63      1610
                    Rococo       0.80      0.71      0.75       313
               Romanticism       0.61      0.67      0.64      1053
                 Symbolism       0.58      0.60      0.59       679
          Synthetic_Cubism       0.63      0.84      0.72        32
                   Ukiyo_e       0.96      0.91      0.93       175

                  accuracy                           0.65     12217
                 macro avg       0.66      0.66      0.66     12217
              weighted avg       0.66      0.65      0.65     12217


🏁 All configured models processed.
